<?xml version="1.0" encoding="UTF-8" ?>
<testsuites>
 <testsuite name="SEARCH-IN-URL - Should return expected elements" timestamp="2015-09-23T15:55:30" hostname="localhost" time="2.173" errors="0" tests="2" skipped="0" disabled="0" failures="0">
  <testcase classname="SEARCH-IN-URL - Should return expected elements" name="&quot;kings&quot; Should return results" time="1.592" />
  <testcase classname="SEARCH-IN-URL - Should return expected elements" name="&quot;kings&quot; Should a result with matching text" time="0.581" />
 </testsuite>
</testsuites>